#
# There is insufficient memory for the Java Runtime Environment to continue.
# Native memory allocation (mmap) failed to map 132120576 bytes for G1 virtual space
# Possible reasons:
#   The system is out of physical RAM or swap space
#   The process is running with CompressedOops enabled, and the Java Heap may be blocking the growth of the native heap
# Possible solutions:
#   Reduce memory load on the system
#   Increase physical memory or swap space
#   Check if swap backing store is full
#   Decrease Java heap size (-Xmx/-Xms)
#   Decrease number of Java threads
#   Decrease Java thread stack sizes (-Xss)
#   Set larger code cache with -XX:ReservedCodeCacheSize=
#   JVM is running with Unscaled Compressed Oops mode in which the Java heap is
#     placed in the first 4GB address space. The Java Heap base address is the
#     maximum limit for the native heap growth. Please use -XX:HeapBaseMinAddress
#     to set the Java Heap base and to place the Java Heap above 4GB virtual address.
# This output file may be truncated or incomplete.
#
#  Out of Memory Error (os_windows.cpp:3617), pid=19028, tid=22964
#
# JRE version:  (17.0.8.1+1) (build )
# Java VM: OpenJDK 64-Bit Server VM (17.0.8.1+1, mixed mode, emulated-client, sharing, tiered, compressed oops, compressed class ptrs, g1 gc, windows-amd64)
# No core dump will be written. Minidumps are not enabled by default on client versions of Windows
#

---------------  S U M M A R Y ------------

Command Line: -XX:TieredStopAtLevel=1 -Dspring.output.ansi.enabled=always -Dcom.sun.management.jmxremote -Dspring.jmx.enabled=true -Dspring.liveBeansView.mbeanDomain -Dspring.application.admin.enabled=true -Dmanagement.endpoints.jmx.exposure.include=* -javaagent:C:\Program Files\JetBrains\IntelliJ IDEA 2023.2.2\lib\idea_rt.jar=58093:C:\Program Files\JetBrains\IntelliJ IDEA 2023.2.2\bin -Dfile.encoding=UTF-8 br.edu.ufsj.dcomp.sgaq.SgaqApplication

Host: Intel(R) Core(TM) i7-9750H CPU @ 2.60GHz, 12 cores, 7G,  Windows 11 , 64 bit Build 22621 (10.0.22621.2506)
Time: Tue Dec  5 02:20:02 2023 Hora oficial do Brasil elapsed time: 0.019773 seconds (0d 0h 0m 0s)

---------------  T H R E A D  ---------------

Current thread (0x000001ed85af4ef0):  JavaThread "Unknown thread" [_thread_in_vm, id=22964, stack(0x000000068b400000,0x000000068b500000)]

Stack: [0x000000068b400000,0x000000068b500000]
Native frames: (J=compiled Java code, j=interpreted, Vv=VM code, C=native code)
V  [jvm.dll+0x678b0a]
V  [jvm.dll+0x835e84]
V  [jvm.dll+0x83762e]
V  [jvm.dll+0x837c93]
V  [jvm.dll+0x24746f]
V  [jvm.dll+0x675859]
V  [jvm.dll+0x66a0ea]
V  [jvm.dll+0x306c7b]
V  [jvm.dll+0x30e166]
V  [jvm.dll+0x35dd3e]
V  [jvm.dll+0x35df6f]
V  [jvm.dll+0x2ddb48]
V  [jvm.dll+0x2deab4]
V  [jvm.dll+0x807f31]
V  [jvm.dll+0x36bb21]
V  [jvm.dll+0x7e733c]
V  [jvm.dll+0x3ee4af]
V  [jvm.dll+0x3f00c1]
C  [jli.dll+0x528b]
C  [ucrtbase.dll+0x29363]
C  [KERNEL32.DLL+0x1257d]
C  [ntdll.dll+0x5aa58]


---------------  P R O C E S S  ---------------

Threads class SMR info:
_java_thread_list=0x00007ffcee7ca018, length=0, elements={
}

Java Threads: ( => current thread )

Other Threads:
  0x000001ed85b4d850 GCTaskThread "GC Thread#0" [stack: 0x000000068b500000,0x000000068b600000] [id=30032]
  0x000001ed85b5e1e0 ConcurrentGCThread "G1 Main Marker" [stack: 0x000000068b600000,0x000000068b700000] [id=10872]
  0x000001ed85b5f390 ConcurrentGCThread "G1 Conc#0" [stack: 0x000000068b700000,0x000000068b800000] [id=30636]

[error occurred during error reporting (printing all threads), id 0xc0000005, EXCEPTION_ACCESS_VIOLATION (0xc0000005) at pc=0x00007ffcedf9e587]

VM state: not at safepoint (not fully initialized)

VM Mutex/Monitor currently owned by a thread:  ([mutex/lock_event])
[0x000001ed85aef230] Heap_lock - owner thread: 0x000001ed85af4ef0

Heap address: 0x0000000082e00000, size: 2002 MB, Compressed Oops mode: 32-bit

CDS archive(s) mapped at: [0x0000000000000000-0x0000000000000000-0x0000000000000000), size 0, SharedBaseAddress: 0x0000000800000000, ArchiveRelocationMode: 1.
Narrow klass base: 0x0000000000000000, Narrow klass shift: 0, Narrow klass range: 0x0

GC Precious Log:
<Empty>

Heap:
 garbage-first heap   total 0K, used 0K [0x0000000082e00000, 0x0000000100000000)
  region size 1024K, 0 young (0K), 0 survivors (0K)

[error occurred during error reporting (printing heap information), id 0xc0000005, EXCEPTION_ACCESS_VIOLATION (0xc0000005) at pc=0x00007ffcee382699]

GC Heap History (0 events):
No events

Dll operation events (1 events):
Event: 0.014 Loaded shared library C:\Program Files\Eclipse Adoptium\jdk-17.0.8.101-hotspot\bin\java.dll

Deoptimization events (0 events):
No events

Classes unloaded (0 events):
No events

Classes redefined (0 events):
No events

Internal exceptions (0 events):
No events

VM Operations (0 events):
No events

Events (0 events):
No events


Dynamic libraries:
0x00007ff77c630000 - 0x00007ff77c63e000 	C:\Program Files\Eclipse Adoptium\jdk-17.0.8.101-hotspot\bin\java.exe
0x00007ffd5b770000 - 0x00007ffd5b987000 	C:\Windows\SYSTEM32\ntdll.dll
0x00007ffd5ac90000 - 0x00007ffd5ad54000 	C:\Windows\System32\KERNEL32.DLL
0x00007ffd58d70000 - 0x00007ffd59115000 	C:\Windows\System32\KERNELBASE.dll
0x00007ffd59290000 - 0x00007ffd593a1000 	C:\Windows\System32\ucrtbase.dll
0x00007ffd50320000 - 0x00007ffd50337000 	C:\Program Files\Eclipse Adoptium\jdk-17.0.8.101-hotspot\bin\jli.dll
0x00007ffd52ef0000 - 0x00007ffd52f09000 	C:\Program Files\Eclipse Adoptium\jdk-17.0.8.101-hotspot\bin\VCRUNTIME140.dll
0x00007ffd5ad90000 - 0x00007ffd5af3e000 	C:\Windows\System32\USER32.dll
0x00007ffd59260000 - 0x00007ffd59286000 	C:\Windows\System32\win32u.dll
0x00007ffd40bf0000 - 0x00007ffd40e83000 	C:\Windows\WinSxS\amd64_microsoft.windows.common-controls_6595b64144ccf1df_6.0.22621.2506_none_270c5ae97388e100\COMCTL32.dll
0x00007ffd5a1a0000 - 0x00007ffd5a1c9000 	C:\Windows\System32\GDI32.dll
0x00007ffd5a650000 - 0x00007ffd5a6f7000 	C:\Windows\System32\msvcrt.dll
0x00007ffd58ae0000 - 0x00007ffd58bf9000 	C:\Windows\System32\gdi32full.dll
0x00007ffd59420000 - 0x00007ffd594ba000 	C:\Windows\System32\msvcp_win.dll
0x00007ffd5a800000 - 0x00007ffd5a831000 	C:\Windows\System32\IMM32.DLL
0x00007ffd538a0000 - 0x00007ffd538ac000 	C:\Program Files\Eclipse Adoptium\jdk-17.0.8.101-hotspot\bin\vcruntime140_1.dll
0x00007ffd2f680000 - 0x00007ffd2f711000 	C:\Program Files\Eclipse Adoptium\jdk-17.0.8.101-hotspot\bin\msvcp140.dll
0x00007ffcedcb0000 - 0x00007ffcee8fc000 	C:\Program Files\Eclipse Adoptium\jdk-17.0.8.101-hotspot\bin\server\jvm.dll
0x00007ffd5b090000 - 0x00007ffd5b141000 	C:\Windows\System32\ADVAPI32.dll
0x00007ffd5b2f0000 - 0x00007ffd5b396000 	C:\Windows\System32\sechost.dll
0x00007ffd594d0000 - 0x00007ffd595e7000 	C:\Windows\System32\RPCRT4.dll
0x00007ffd343d0000 - 0x00007ffd343d9000 	C:\Windows\SYSTEM32\WSOCK32.dll
0x00007ffd578f0000 - 0x00007ffd5793d000 	C:\Windows\SYSTEM32\POWRPROF.dll
0x00007ffd4fef0000 - 0x00007ffd4ff24000 	C:\Windows\SYSTEM32\WINMM.dll
0x00007ffd50360000 - 0x00007ffd5036a000 	C:\Windows\SYSTEM32\VERSION.dll
0x00007ffd5a990000 - 0x00007ffd5aa01000 	C:\Windows\System32\WS2_32.dll
0x00007ffd578d0000 - 0x00007ffd578e3000 	C:\Windows\SYSTEM32\UMPDC.dll
0x00007ffd57b30000 - 0x00007ffd57b48000 	C:\Windows\SYSTEM32\kernel.appcore.dll
0x00007ffd52ee0000 - 0x00007ffd52eea000 	C:\Program Files\Eclipse Adoptium\jdk-17.0.8.101-hotspot\bin\jimage.dll
0x00007ffd562d0000 - 0x00007ffd56503000 	C:\Windows\SYSTEM32\DBGHELP.DLL
0x00007ffd5b3a0000 - 0x00007ffd5b729000 	C:\Windows\System32\combase.dll
0x00007ffd5abb0000 - 0x00007ffd5ac87000 	C:\Windows\System32\OLEAUT32.dll
0x00007ffd4daa0000 - 0x00007ffd4dad2000 	C:\Windows\SYSTEM32\dbgcore.DLL
0x00007ffd59120000 - 0x00007ffd5919a000 	C:\Windows\System32\bcryptPrimitives.dll
0x00007ffd55470000 - 0x00007ffd5547e000 	C:\Program Files\Eclipse Adoptium\jdk-17.0.8.101-hotspot\bin\instrument.dll
0x00007ffd4de50000 - 0x00007ffd4de75000 	C:\Program Files\Eclipse Adoptium\jdk-17.0.8.101-hotspot\bin\java.dll

dbghelp: loaded successfully - version: 4.0.5 - missing functions: none
symbol engine: initialized successfully - sym options: 0x614 - pdb path: .;C:\Program Files\Eclipse Adoptium\jdk-17.0.8.101-hotspot\bin;C:\Windows\SYSTEM32;C:\Windows\WinSxS\amd64_microsoft.windows.common-controls_6595b64144ccf1df_6.0.22621.2506_none_270c5ae97388e100;C:\Program Files\Eclipse Adoptium\jdk-17.0.8.101-hotspot\bin\server

VM Arguments:
jvm_args: -XX:TieredStopAtLevel=1 -Dspring.output.ansi.enabled=always -Dcom.sun.management.jmxremote -Dspring.jmx.enabled=true -Dspring.liveBeansView.mbeanDomain -Dspring.application.admin.enabled=true -Dmanagement.endpoints.jmx.exposure.include=* -javaagent:C:\Program Files\JetBrains\IntelliJ IDEA 2023.2.2\lib\idea_rt.jar=58093:C:\Program Files\JetBrains\IntelliJ IDEA 2023.2.2\bin -Dfile.encoding=UTF-8 
java_command: br.edu.ufsj.dcomp.sgaq.SgaqApplication
java_class_path (initial): C:\Users\sidin\OneDrive\Área de Trabalho\sgaq4-2\sgaq\target\classes;C:\Users\sidin\.m2\repository\org\springframework\boot\spring-boot-starter-data-jpa\2.6.7\spring-boot-starter-data-jpa-2.6.7.jar;C:\Users\sidin\.m2\repository\org\springframework\boot\spring-boot-starter-aop\2.6.7\spring-boot-starter-aop-2.6.7.jar;C:\Users\sidin\.m2\repository\org\aspectj\aspectjweaver\1.9.7\aspectjweaver-1.9.7.jar;C:\Users\sidin\.m2\repository\org\springframework\boot\spring-boot-starter-jdbc\2.6.7\spring-boot-starter-jdbc-2.6.7.jar;C:\Users\sidin\.m2\repository\com\zaxxer\HikariCP\4.0.3\HikariCP-4.0.3.jar;C:\Users\sidin\.m2\repository\org\springframework\spring-jdbc\5.3.19\spring-jdbc-5.3.19.jar;C:\Users\sidin\.m2\repository\jakarta\transaction\jakarta.transaction-api\1.3.3\jakarta.transaction-api-1.3.3.jar;C:\Users\sidin\.m2\repository\jakarta\persistence\jakarta.persistence-api\2.2.3\jakarta.persistence-api-2.2.3.jar;C:\Users\sidin\.m2\repository\org\hibernate\hibernate-core\5.6.8.Final\hibernate-core-5.6.8.Final.jar;C:\Users\sidin\.m2\repository\org\jboss\logging\jboss-logging\3.4.3.Final\jboss-logging-3.4.3.Final.jar;C:\Users\sidin\.m2\repository\net\bytebuddy\byte-buddy\1.11.22\byte-buddy-1.11.22.jar;C:\Users\sidin\.m2\repository\antlr\antlr\2.7.7\antlr-2.7.7.jar;C:\Users\sidin\.m2\repository\org\jboss\jandex\2.4.2.Final\jandex-2.4.2.Final.jar;C:\Users\sidin\.m2\repository\com\fasterxml\classmate\1.5.1\classmate-1.5.1.jar;C:\Users\sidin\.m2\repository\org\hibernate\common\hibernate-commons-annotations\5.1.2.Final\hibernate-commons-annotations-5.1.2.Final.jar;C:\Users\sidin\.m2\repository\org\glassfish\jaxb\jaxb-runtime\2.3.6\jaxb-runtime-2.3.6.jar;C:\Users\sidin\.m2\repository\org\glassfish\jaxb\txw2\2.3.6\txw2-2.3.6.jar;C:\Users\sidin\.m2\repository\com\sun\istack\istack-commons-runtime\3.0.12\istack-commons-runtime-3.0.12.jar;C:\Users\sidin\.m2\repository\com\sun\activation\jakarta.activation\1.2.2\jakarta.activation-1.2.2.jar;C:\Users\sidin\.m
Launcher Type: SUN_STANDARD

[Global flags]
     intx CICompilerCount                          = 4                                         {product} {ergonomic}
     uint ConcGCThreads                            = 3                                         {product} {ergonomic}
     uint G1ConcRefinementThreads                  = 10                                        {product} {ergonomic}
   size_t G1HeapRegionSize                         = 1048576                                   {product} {ergonomic}
    uintx GCDrainStackTargetSize                   = 64                                        {product} {ergonomic}
   size_t InitialHeapSize                          = 132120576                                 {product} {ergonomic}
     bool ManagementServer                         = true                                      {product} {command line}
   size_t MarkStackSize                            = 4194304                                   {product} {ergonomic}
   size_t MaxHeapSize                              = 2099249152                                {product} {ergonomic}
   size_t MinHeapDeltaBytes                        = 1048576                                   {product} {ergonomic}
   size_t MinHeapSize                              = 8388608                                   {product} {ergonomic}
    uintx NonProfiledCodeHeapSize                  = 0                                      {pd product} {ergonomic}
     bool ProfileInterpreter                       = false                                  {pd product} {command line}
    uintx ProfiledCodeHeapSize                     = 0                                      {pd product} {ergonomic}
   size_t SoftMaxHeapSize                          = 2099249152                             {manageable} {ergonomic}
     intx TieredStopAtLevel                        = 1                                         {product} {command line}
     bool UseCompressedClassPointers               = true                           {product lp64_product} {ergonomic}
     bool UseCompressedOops                        = true                           {product lp64_product} {ergonomic}
     bool UseG1GC                                  = true                                      {product} {ergonomic}
     bool UseLargePagesIndividualAllocation        = false                                  {pd product} {ergonomic}

Logging:
Log output configuration:
 #0: stdout all=warning uptime,level,tags
 #1: stderr all=off uptime,level,tags

Environment Variables:
JAVA_HOME=C:\Program Files\Eclipse Adoptium\jdk-17.0.8.101-hotspot\
PATH=C:\Program Files\Eclipse Adoptium\jdk-17.0.8.101-hotspot\bin;C:\Windows\system32;C:\Windows;C:\Windows\System32\Wbem;C:\Windows\System32\WindowsPowerShell\v1.0\;C:\Windows\System32\OpenSSH\;C:\Program Files\Git\cmd;C:\Program Files\Docker\Docker\resources\bin;C:\Program Files\GitHub CLI\;C:\MinGW\bin;C:\Program Files\nodejs\;C:\ProgramData\chocolatey\bin;C:\Program Files\MySQL\MySQL Server 8.2\bin;C:\Program Files\MySQL\MySQL Shell 8.2\bin\;C:\Users\sidin\.console-ninja\.bin;C:\Users\sidin\AppData\Local\Programs\Python\Python311\Scripts\;C:\Users\sidin\AppData\Local\Programs\Python\Python311\;C:\Users\sidin\AppData\Local\Microsoft\WindowsApps;C:\Users\sidin\AppData\Local\Programs\Microsoft VS Code\bin;C:\Users\sidin\AppData\Local\GitHubDesktop\bin;C:\Program Files\JetBrains\PyCharm 2023.2.1\bin;;;C:\Program Files\JetBrains\IntelliJ IDEA 2023.2.2\bin;;C:\Users\sidin\AppData\Roaming\npm
USERNAME=sidin
OS=Windows_NT
PROCESSOR_IDENTIFIER=Intel64 Family 6 Model 158 Stepping 10, GenuineIntel
TMP=C:\Users\sidin\AppData\Local\Temp
TEMP=C:\Users\sidin\AppData\Local\Temp



---------------  S Y S T E M  ---------------

OS:
 Windows 11 , 64 bit Build 22621 (10.0.22621.2506)
OS uptime: 8 days 3:45 hours
Hyper-V role detected

CPU: total 12 (initial active 12) (6 cores per cpu, 2 threads per core) family 6 model 158 stepping 10 microcode 0xf0, cx8, cmov, fxsr, ht, mmx, 3dnowpref, sse, sse2, sse3, ssse3, sse4.1, sse4.2, popcnt, lzcnt, tsc, tscinvbit, avx, avx2, aes, erms, clmul, bmi1, bmi2, adx, fma, vzeroupper, clflush, clflushopt, hv
Processor Information for all 12 processors :
  Max Mhz: 2592, Current Mhz: 2592, Mhz Limit: 2592

Memory: 4k page, system-wide physical 8003M (635M free)
TotalPageFile size 23165M (AvailPageFile size 125M)
current process WorkingSet (physical memory assigned to process): 11M, peak: 11M
current process commit charge ("private bytes"): 59M, peak: 185M

vm_info: OpenJDK 64-Bit Server VM (17.0.8.1+1) for windows-amd64 JRE (17.0.8.1+1), built on Aug 23 2023 15:29:17 by "admin" with MS VC++ 16.7 (VS2019)

END.
